<?xml version="1.0" encoding="UTF-8"?>
<!-- Generated by org.testng.reporters.JUnitReportReporter -->
<testsuite hostname="mac-pro85.local" name="com.jenkins.test.UserDelegateTest" tests="6" failures="0" timestamp="20 Oct 2013 12:38:49 GMT" time="0.010" errors="0">
  <testcase name="saveUserPhoneNoTest" time="0.001" classname="com.jenkins.test.UserDelegateTest"/>
  <testcase name="saveUserEmailID" time="0.001" classname="com.jenkins.test.UserDelegateTest"/>
  <testcase name="saveUserCountry" time="0.000" classname="com.jenkins.test.UserDelegateTest"/>
  <testcase name="saveUserAddressTest" time="0.001" classname="com.jenkins.test.UserDelegateTest"/>
  <testcase name="saveUserNameTest" time="0.000" classname="com.jenkins.test.UserDelegateTest"/>
  <testcase name="anotherTest" time="0.007" classname="com.jenkins.test.UserDelegateTest"/>
</testsuite> <!-- com.jenkins.test.UserDelegateTest -->
