<?xml version="1.0" encoding="UTF-8"?>
<!-- Generated by org.testng.reporters.JUnitReportReporter -->
<testsuite hostname="synadmins-MacBook-Pro-3.local" name="com.jenkins.test.SaveDelegateTest" tests="2" failures="0" timestamp="28 Sep 2013 07:40:15 GMT" time="0.025" errors="0">
  <testcase name="anotherTest" time="0.023" classname="com.jenkins.test.SaveDelegateTest"/>
  <testcase name="saveUsersTest" time="0.002" classname="com.jenkins.test.SaveDelegateTest"/>
</testsuite> <!-- com.jenkins.test.SaveDelegateTest -->
